


ARM Macro Assembler    Page 1 


    1 00000000         ;*******************************************************
                       ******************************************/
    2 00000000         ;*!
    3 00000000         ;*  \file   startup.s
    4 00000000         ;*
    5 00000000         ;*  \brief  CMSIS Cortex-M0 Core Device Startup File for
                        Actions Semiconductor SOC.
    6 00000000         ;*
    7 00000000         ;*          $Date: 2016-10-10 14:42:39 -0400 (Mon, 10 Oc
                       t 2016) $
    8 00000000         ;*          $Revision: 9434 $
    9 00000000         ;*
   10 00000000         ;*  Copyright (c) 2016-2017 ARM Ltd., all rights reserve
                       d.
   11 00000000         ;*  ARM confidential and proprietary.
   12 00000000         ;*
   13 00000000         ;*  IMPORTANT.  Your use of this file is governed by a S
                       oftware License Agreement
   14 00000000         ;*  ("Agreement") that must be accepted in order to down
                       load or otherwise receive a
   15 00000000         ;*  copy of this file.  You may not use or copy this fil
                       e for any purpose other than
   16 00000000         ;*  as described in the Agreement.  If you do not agree 
                       to all of the terms of the
   17 00000000         ;*  Agreement do not use this file and delete all copies
                        in your possession or control;
   18 00000000         ;*  if you do not have a copy of the Agreement, you must
                        contact ARM Ltd. prior
   19 00000000         ;*  to any use, copying or further distribution of this 
                       software.
   20 00000000         ;*/
   21 00000000         ;*******************************************************
                       ******************************************/
   22 00000000         
   23 00000000 00000280 
                       CONFIG_ISR_STACK_SIZE
                               EQU              640
   24 00000000         
   25 00000000                 AREA             STACK, NOINIT, READWRITE, ALIGN
=3
   26 00000000                 EXPORT           _interrupt_stack
   27 00000000         _interrupt_stack
                               SPACE            CONFIG_ISR_STACK_SIZE
   28 00000280         __initial_sp
   29 00000280         
   30 00000280         
   31 00000280 00000000 
                       Heap_Size
                               EQU              0x00000000
   32 00000280         
   33 00000280                 AREA             HEAP, NOINIT, READWRITE, ALIGN=
3
   34 00000000         __heap_base
   35 00000000         Heap_Mem
                               SPACE            Heap_Size
   36 00000000         __heap_limit
   37 00000000         
   38 00000000         ;*******************************************************
                       *******************************************



ARM Macro Assembler    Page 2 


   39 00000000         ; Vector Table
   40 00000000         ;*******************************************************
                       ******************************************/
   41 00000000                 AREA             RESET, DATA, READONLY
   42 00000000                 EXPORT           systemVectors
   43 00000000                 EXPORT           __nmi
   44 00000000                 EXPORT           __hard_fault
   45 00000000                 EXPORT           __svc
   46 00000000                 EXPORT           __pendsv
   47 00000000                 EXPORT           _timer_int_handler
   48 00000000                 EXPORT           _isr_wrapper
   50 00000000 00000000 
                       systemVectors
                               DCD              __initial_sp ;  0  Top of Stack
                                                            
   51 00000004 00000000        DCD              Reset_Handler 
                                                            ;  1  Reset Handler
                                                            
   52 00000008 00000000        DCD              __nmi       ;  2  NMI Handler
   53 0000000C 00000000        DCD              __hard_fault ;  3  Hard Fault H
                                                            andler
   54 00000010 00000000        DCD              __hard_fault ;  4  Reserved
   55 00000014 00000000        DCD              __hard_fault ;  5  Reserved
   56 00000018 00000000        DCD              __hard_fault ;  6  Reserved
   57 0000001C 00000000        DCD              __hard_fault ;  7  Reserved
   58 00000020 00000000        DCD              __hard_fault ;  8  Reserved
   59 00000024 00000000        DCD              __hard_fault ;  9  Reserved
   60 00000028 00000000        DCD              __hard_fault ; 10  Reserved
   61 0000002C 00000000        DCD              __svc       ; 11  SVCall Handle
                                                            r (not implemented)
                                                            
   62 00000030 00000000        DCD              __hard_fault ; 12  Debug Monito
                                                            r Handler
   63 00000034 00000000        DCD              __hard_fault ; 13  Reserved
   64 00000038 00000000        DCD              __pendsv    ; 14  PendSV Handle
                                                            r (not implemented)
                                                            
   65 0000003C 00000000        DCD              _timer_int_handler ; 15  SysTic
                                                            k Handler (not impl
                                                            emented)
   66 00000040         
   67 00000040         ; External Interrupts
   68 00000040 00000000        DCD              _isr_wrapper ;TIM0_IRQHandler
   69 00000044 00000000        DCD              _isr_wrapper ;TIM1_IRQHandler
   70 00000048 00000000        DCD              _isr_wrapper ;RTC_IRQHandler
   71 0000004C 00000000        DCD              _isr_wrapper ;WATCHDOG_IRQHandl
                                                            er
   72 00000050 00000000        DCD              _isr_wrapper ;BLE0_IRQHandler
   73 00000054 00000000        DCD              _isr_wrapper ;BLE1_IRQHandler
   74 00000058 00000000        DCD              _isr_wrapper ;BLE2_IRQHandler
   75 0000005C 00000000        DCD              _isr_wrapper ;BLE3_IRQHandler
   76 00000060 00000000        DCD              _isr_wrapper ;BLE4_IRQHandler
   77 00000064 00000000        DCD              _isr_wrapper ;BLE5_IRQHandler
   78 00000068 00000000        DCD              _isr_wrapper ;BLE6_IRQHandler
   79 0000006C 00000000        DCD              _isr_wrapper ;BLE7_IRQHandler
   80 00000070 00000000        DCD              _isr_wrapper ;BLE8_IRQHandler
   81 00000074 00000000        DCD              _isr_wrapper ;DMA_IRQHandler
   82 00000078 00000000        DCD              _isr_wrapper ;EXTI_IRQHandler
   83 0000007C 00000000        DCD              _isr_wrapper ;UART0_IRQHandler



ARM Macro Assembler    Page 3 


   84 00000080 00000000        DCD              _isr_wrapper ;UART1_IRQHandler
   85 00000084 00000000        DCD              _isr_wrapper ;UART2_IRQHandler
   86 00000088 00000000        DCD              _isr_wrapper ;SPI0_IRQHandler
   87 0000008C 00000000        DCD              _isr_wrapper ;SPI1_IRQHandler
   88 00000090 00000000        DCD              _isr_wrapper ;SPI2_IRQHandler
   89 00000094 00000000        DCD              _isr_wrapper ;SARADC_IRQHandler
                                                            
   90 00000098 00000000        DCD              _isr_wrapper ;UART_Wakeup_IRQHa
                                                            ndler
   91 0000009C 00000000        DCD              _isr_wrapper ;IRC_IRQHandler
   92 000000A0 00000000        DCD              _isr_wrapper ;I2C0_IRQHandler
   93 000000A4 00000000        DCD              _isr_wrapper ;I2C1_IRQHandler
   94 000000A8 00000000        DCD              _isr_wrapper ;Audio_IRQHandler
   95 000000AC 00000000        DCD              _isr_wrapper ;KEY_IRQHandler
   96 000000B0 00000000        DCD              _isr_wrapper ;SARADC_Wakeup_IRQ
                                                            Handler
   97 000000B4 00000000        DCD              _isr_wrapper ;TIM2_IRQHandler
   98 000000B8 00000000        DCD              _isr_wrapper ;TIM3_IRQHandler
   99 000000BC 00000000        DCD              _isr_wrapper ;KEY_Wakeup_IRQHan
                                                            dler
  100 000000C0         
  101 000000C0                 IMPORT           |Image$$ER_IROM$$Base|
  102 000000C0                 IMPORT           |Image$$ER_IROM$$Limit|
  103 000000C0                 IMPORT           |Image$$RW_IRAM3$$Base|
  104 000000C0         
  105 000000C0         ;APP INFO
  106 000000C0 41 54 42 
              00       MAGIC   DCB              'A', 'T', 'B', 0
  107 000000C4 00000000 
                       ROM_START
                               DCD              |Image$$ER_IROM$$Base|
  108 000000C8         ROM_END
  109 000000C8                 IF               :DEF:CONFIG_SPI0_XIP
  112 000000C8 00000000        DCD              |Image$$RW_IRAM3$$Base|
  113 000000CC                 ENDIF
  114 000000CC 00000000 
                       ENTRY   DCD              Reset_Handler
  115 000000D0         NOR_ADDR
  116 000000D0                 IF               :DEF:ASM_APP_NOR_ADDR
  119 000000D0 00000000        DCD              0x0
  120 000000D4                 ENDIF
  121 000000D4 00000000 
                       EXT     DCD              0
  122 000000D8 00000000 
                       CHEKSUM_DATA
                               DCD              0
  123 000000DC 00000000 
                       CHEKSUM_HDR
                               DCD              0
  124 000000E0         ;SIG          SPACE   64
  125 000000E0         
  126 000000E0         
  127 000000E0         ;*******************************************************
                       ******************************************/
  128 000000E0         ;*!
  129 000000E0         ;*  \brief      Reset handler.
  130 000000E0         ;*
  131 000000E0         ;*  \param      None.
  132 000000E0         ;*



ARM Macro Assembler    Page 4 


  133 000000E0         ;*  \return     None.
  134 000000E0         ;*/
  135 000000E0         ;*******************************************************
                       ******************************************/
  136 000000E0                 AREA             |.asm_patch|, CODE, READONLY
  137 00000000                 ALIGN
  138 00000000         p_llcc_rx_cmd_valid
                               PROC
  139 00000000                 EXPORT           p_llcc_rx_cmd_valid
  140 00000000                 IMPORT           compute_checksum [WEAK]
  141 00000000 0008            movs             r0, r1
  142 00000002 0019            movs             r1, r3
  143 00000004         
  144 00000004 4A04            ldr              r2, =compute_checksum
  145 00000006 4790            blx              r2
  146 00000008 0002            movs             r2, r0
  147 0000000A         
  148 0000000A B403            push             {r0,r1}
  149 0000000C 4801            ldr              r0,[pc,#4]
  150 0000000E 9001            str              r0,[sp,#4]
  151 00000010 BD01            pop              {r0,pc}
  152 00000012         
  153 00000012 00 00           ALIGN
  154 00000014 0000ECD9 
                       p_llcc_rx_cmd_valid_data
                               DCD              0xecd9
  155 00000018         
  156 00000018                 ENDP
  157 00000018         
  158 00000018 00000000        AREA             |.asm_patch|, CODE, READONLY
  159 0000001C                 ALIGN
  160 0000001C         p_llcc_rx_dmal_done
                               PROC
  161 0000001C                 EXPORT           p_llcc_rx_dmal_done
  162 0000001C                 IMPORT           compute_checksum [WEAK]
  163 0000001C         
  164 0000001C 0028            movs             r0, r5
  165 0000001E 0039            movs             r1, r7
  166 00000020 4A04            ldr              r2, =compute_checksum
  167 00000022 4790            blx              r2
  168 00000024 0002            movs             r2, r0
  169 00000026         
  170 00000026 B403            push             {r0,r1}
  171 00000028 4801            ldr              r0,[pc,#4]
  172 0000002A 9001            str              r0,[sp,#4]
  173 0000002C BD01            pop              {r0,pc}
  174 0000002E         
  175 0000002E 00 00           ALIGN
  176 00000030 0000EDEF 
                       p_llcc_rx_dmal_done_data
                               DCD              0xedef
  177 00000034                 ENDP
  178 00000034         
  179 00000034 00000000        AREA             |.text|, CODE, READONLY
  180 00000000                 ALIGN
  182 00000000         Reset_Handler
                               PROC
  183 00000000                 EXPORT           Reset_Handler          [WEAK]
  184 00000000                 IMPORT           SystemInit



ARM Macro Assembler    Page 5 


  185 00000000                 IMPORT           __main
  186 00000000                 IMPORT           __aeabi_memset
  187 00000000         
  188 00000000 480F            ldr              r0, =0      ; for warning: A158
                                                            1W: Added 2 bytes o
                                                            f padding at addres
                                                            s 0x2e
  189 00000002 4810            ldr              r0, =_interrupt_stack
  190 00000004 4910            ldr              r1, =CONFIG_ISR_STACK_SIZE
  191 00000006 4A11            ldr              r2, =0xaa
  192 00000008 F7FF FFFE       bl               __aeabi_memset
  193 0000000C         
  194 0000000C         ;* Set PSP and use it to boot without using MSP, so that
                        it
  195 0000000C         ;* gets set to _interrupt_stack during nanoInit().
  196 0000000C         
  197 0000000C 480D            ldr              r0, =_interrupt_stack
  198 0000000E 490E            ldr              r1, =CONFIG_ISR_STACK_SIZE
  199 00000010 1840            adds             r0, r0, r1
  200 00000012 F380 8809       msr              PSP, r0
  201 00000016 2002            movs.n           r0, #2      ;switch to using PS
                                                            P (bit1 of CONTROL 
                                                            reg)
  202 00000018 F380 8814       msr              CONTROL, r0
  203 0000001C         
  204 0000001C 480C            LDR              R0, =SystemInit
  205 0000001E 4780            BLX              R0
  206 00000020 480C            LDR              R0, =__main
  207 00000022 4700            BX               R0
  208 00000024                 ENDP
  209 00000024         
  210 00000024         _arch_irq_lock_s
                               PROC
  211 00000024                 EXPORT           _arch_irq_lock_s
  212 00000024 F3EF 8010       MRS              r0, PRIMASK
  213 00000028 B672            cpsid            i
  214 0000002A 4770            BX               LR
  215 0000002C                 ENDP
  216 0000002C         
  217 0000002C         _arch_irq_unlock_s
                               PROC
  218 0000002C                 EXPORT           _arch_irq_unlock_s
  219 0000002C 2800            cmp              r0, #0
  220 0000002E D100            bne              |_arch_irq_unlock_s_out|
  221 00000030 B662            cpsie            i
  222 00000032         |_arch_irq_unlock_s_out|
  223 00000032 4770            BX               LR
  224 00000034                 ENDP
  225 00000034         
  226 00000034         ;*******************************************************
                       ********************************************
  227 00000034         ;* DUMMY EXCEPTION HANDLERS
  228 00000034         ;*******************************************************
                       ********************************************
  229 00000034         
  231 00000034         __nmi   PROC
  232 00000034                 EXPORT           __nmi            [WEAK]
  233 00000034 E7FE            B                .
  234 00000036                 ENDP



ARM Macro Assembler    Page 6 


  235 00000036         
  237 00000036         __hard_fault
                               PROC
  238 00000036                 EXPORT           __hard_fault      [WEAK]
  239 00000036 E7FE            B                .
  240 00000038                 ENDP
  241 00000038         
  243 00000038         __svc   PROC
  244 00000038                 EXPORT           __svc            [WEAK]
  245 00000038 E7FE            B                .
  246 0000003A                 ENDP
  247 0000003A         
  249 0000003A         __pendsv
                               PROC
  250 0000003A                 EXPORT           __pendsv         [WEAK]
  251 0000003A E7FE            B                .
  252 0000003C                 ENDP
  253 0000003C         
  255 0000003C         _timer_int_handler
                               PROC
  256 0000003C                 EXPORT           _timer_int_handler        [WEAK
]
  257 0000003C E7FE            B                .
  258 0000003E                 ENDP
  259 0000003E         
  261 0000003E         Default_Handler
                               PROC
  262 0000003E                 EXPORT           _isr_wrapper     [WEAK]
  263 0000003E         _isr_wrapper
  264 0000003E         
  265 0000003E E7FE            B                .
  266 00000040                 ENDP
  267 00000040         
  268 00000040         
  269 00000040                 IF               :DEF:__MICROLIB
  270 00000040         
  271 00000040                 EXPORT           __initial_sp
  272 00000040                 EXPORT           __heap_base
  273 00000040                 EXPORT           __heap_limit
  274 00000040                 ELSE
  288                          ENDIF
  289 00000040         
  290 00000040                 END
              00000000 
              00000000 
              00000280 
              000000AA 
              00000000 
              00000000 
Command Line: --debug --xref --diag_suppress=9931 --cpu=Cortex-M0 --apcs=interw
ork --depend=.\objects\startup.d -o.\objects\startup.o -I.\RTE\_flash -IC:\Keil
_v5\ARM\PACK\ARM\CMSIS\4.2.0\Device\ARM\ARMCM0\Include -IF:\Keil_v5\ARM\CMSIS\I
nclude --predefine="__MICROLIB SETA 1" --predefine="__UVISION_VERSION SETA 524"
 --predefine="ARMCM0 SETA 1" --list=.\listings\startup.lst ..\..\..\..\ext\lib\
actions\startup\startup.s



ARM Macro Assembler    Page 1 Alphabetic symbol ordering
Relocatable symbols

STACK 00000000

Symbol: STACK
   Definitions
      At line 25 in file ..\..\..\..\ext\lib\actions\startup\startup.s
   Uses
      None
Comment: STACK unused
__initial_sp 00000280

Symbol: __initial_sp
   Definitions
      At line 28 in file ..\..\..\..\ext\lib\actions\startup\startup.s
   Uses
      At line 50 in file ..\..\..\..\ext\lib\actions\startup\startup.s
      At line 271 in file ..\..\..\..\ext\lib\actions\startup\startup.s

_interrupt_stack 00000000

Symbol: _interrupt_stack
   Definitions
      At line 27 in file ..\..\..\..\ext\lib\actions\startup\startup.s
   Uses
      At line 26 in file ..\..\..\..\ext\lib\actions\startup\startup.s
      At line 189 in file ..\..\..\..\ext\lib\actions\startup\startup.s
      At line 197 in file ..\..\..\..\ext\lib\actions\startup\startup.s

3 symbols



ARM Macro Assembler    Page 1 Alphabetic symbol ordering
Relocatable symbols

HEAP 00000000

Symbol: HEAP
   Definitions
      At line 33 in file ..\..\..\..\ext\lib\actions\startup\startup.s
   Uses
      None
Comment: HEAP unused
Heap_Mem 00000000

Symbol: Heap_Mem
   Definitions
      At line 35 in file ..\..\..\..\ext\lib\actions\startup\startup.s
   Uses
      None
Comment: Heap_Mem unused
__heap_base 00000000

Symbol: __heap_base
   Definitions
      At line 34 in file ..\..\..\..\ext\lib\actions\startup\startup.s
   Uses
      At line 272 in file ..\..\..\..\ext\lib\actions\startup\startup.s
Comment: __heap_base used once
__heap_limit 00000000

Symbol: __heap_limit
   Definitions
      At line 36 in file ..\..\..\..\ext\lib\actions\startup\startup.s
   Uses
      At line 273 in file ..\..\..\..\ext\lib\actions\startup\startup.s
Comment: __heap_limit used once
4 symbols



ARM Macro Assembler    Page 1 Alphabetic symbol ordering
Relocatable symbols

CHEKSUM_DATA 000000D8

Symbol: CHEKSUM_DATA
   Definitions
      At line 122 in file ..\..\..\..\ext\lib\actions\startup\startup.s
   Uses
      None
Comment: CHEKSUM_DATA unused
CHEKSUM_HDR 000000DC

Symbol: CHEKSUM_HDR
   Definitions
      At line 123 in file ..\..\..\..\ext\lib\actions\startup\startup.s
   Uses
      None
Comment: CHEKSUM_HDR unused
ENTRY 000000CC

Symbol: ENTRY
   Definitions
      At line 114 in file ..\..\..\..\ext\lib\actions\startup\startup.s
   Uses
      None
Comment: ENTRY unused
EXT 000000D4

Symbol: EXT
   Definitions
      At line 121 in file ..\..\..\..\ext\lib\actions\startup\startup.s
   Uses
      None
Comment: EXT unused
MAGIC 000000C0

Symbol: MAGIC
   Definitions
      At line 106 in file ..\..\..\..\ext\lib\actions\startup\startup.s
   Uses
      None
Comment: MAGIC unused
NOR_ADDR 000000D0

Symbol: NOR_ADDR
   Definitions
      At line 115 in file ..\..\..\..\ext\lib\actions\startup\startup.s
   Uses
      None
Comment: NOR_ADDR unused
RESET 00000000

Symbol: RESET
   Definitions
      At line 41 in file ..\..\..\..\ext\lib\actions\startup\startup.s
   Uses
      None
Comment: RESET unused
ROM_END 000000C8

Symbol: ROM_END



ARM Macro Assembler    Page 2 Alphabetic symbol ordering
Relocatable symbols

   Definitions
      At line 108 in file ..\..\..\..\ext\lib\actions\startup\startup.s
   Uses
      None
Comment: ROM_END unused
ROM_START 000000C4

Symbol: ROM_START
   Definitions
      At line 107 in file ..\..\..\..\ext\lib\actions\startup\startup.s
   Uses
      None
Comment: ROM_START unused
systemVectors 00000000

Symbol: systemVectors
   Definitions
      At line 50 in file ..\..\..\..\ext\lib\actions\startup\startup.s
   Uses
      At line 42 in file ..\..\..\..\ext\lib\actions\startup\startup.s
Comment: systemVectors used once
10 symbols



ARM Macro Assembler    Page 1 Alphabetic symbol ordering
Relocatable symbols

.asm_patch 00000000

Symbol: .asm_patch
   Definitions
      At line 136 in file ..\..\..\..\ext\lib\actions\startup\startup.s
   Uses
      None
Comment: .asm_patch unused
p_llcc_rx_cmd_valid 00000000

Symbol: p_llcc_rx_cmd_valid
   Definitions
      At line 138 in file ..\..\..\..\ext\lib\actions\startup\startup.s
   Uses
      At line 139 in file ..\..\..\..\ext\lib\actions\startup\startup.s
Comment: p_llcc_rx_cmd_valid used once
p_llcc_rx_cmd_valid_data 00000014

Symbol: p_llcc_rx_cmd_valid_data
   Definitions
      At line 154 in file ..\..\..\..\ext\lib\actions\startup\startup.s
   Uses
      None
Comment: p_llcc_rx_cmd_valid_data unused
p_llcc_rx_dmal_done 0000001C

Symbol: p_llcc_rx_dmal_done
   Definitions
      At line 160 in file ..\..\..\..\ext\lib\actions\startup\startup.s
   Uses
      At line 161 in file ..\..\..\..\ext\lib\actions\startup\startup.s
Comment: p_llcc_rx_dmal_done used once
p_llcc_rx_dmal_done_data 00000030

Symbol: p_llcc_rx_dmal_done_data
   Definitions
      At line 176 in file ..\..\..\..\ext\lib\actions\startup\startup.s
   Uses
      None
Comment: p_llcc_rx_dmal_done_data unused
5 symbols



ARM Macro Assembler    Page 1 Alphabetic symbol ordering
Relocatable symbols

.text 00000000

Symbol: .text
   Definitions
      At line 179 in file ..\..\..\..\ext\lib\actions\startup\startup.s
   Uses
      None
Comment: .text unused
Default_Handler 0000003E

Symbol: Default_Handler
   Definitions
      At line 261 in file ..\..\..\..\ext\lib\actions\startup\startup.s
   Uses
      None
Comment: Default_Handler unused
Reset_Handler 00000000

Symbol: Reset_Handler
   Definitions
      At line 182 in file ..\..\..\..\ext\lib\actions\startup\startup.s
   Uses
      At line 51 in file ..\..\..\..\ext\lib\actions\startup\startup.s
      At line 114 in file ..\..\..\..\ext\lib\actions\startup\startup.s
      At line 183 in file ..\..\..\..\ext\lib\actions\startup\startup.s

__hard_fault 00000036

Symbol: __hard_fault
   Definitions
      At line 237 in file ..\..\..\..\ext\lib\actions\startup\startup.s
   Uses
      At line 44 in file ..\..\..\..\ext\lib\actions\startup\startup.s
      At line 53 in file ..\..\..\..\ext\lib\actions\startup\startup.s
      At line 54 in file ..\..\..\..\ext\lib\actions\startup\startup.s
      At line 55 in file ..\..\..\..\ext\lib\actions\startup\startup.s
      At line 56 in file ..\..\..\..\ext\lib\actions\startup\startup.s
      At line 57 in file ..\..\..\..\ext\lib\actions\startup\startup.s
      At line 58 in file ..\..\..\..\ext\lib\actions\startup\startup.s
      At line 59 in file ..\..\..\..\ext\lib\actions\startup\startup.s
      At line 60 in file ..\..\..\..\ext\lib\actions\startup\startup.s
      At line 62 in file ..\..\..\..\ext\lib\actions\startup\startup.s
      At line 63 in file ..\..\..\..\ext\lib\actions\startup\startup.s
      At line 238 in file ..\..\..\..\ext\lib\actions\startup\startup.s

__nmi 00000034

Symbol: __nmi
   Definitions
      At line 231 in file ..\..\..\..\ext\lib\actions\startup\startup.s
   Uses
      At line 43 in file ..\..\..\..\ext\lib\actions\startup\startup.s
      At line 52 in file ..\..\..\..\ext\lib\actions\startup\startup.s
      At line 232 in file ..\..\..\..\ext\lib\actions\startup\startup.s

__pendsv 0000003A

Symbol: __pendsv
   Definitions



ARM Macro Assembler    Page 2 Alphabetic symbol ordering
Relocatable symbols

      At line 249 in file ..\..\..\..\ext\lib\actions\startup\startup.s
   Uses
      At line 46 in file ..\..\..\..\ext\lib\actions\startup\startup.s
      At line 64 in file ..\..\..\..\ext\lib\actions\startup\startup.s
      At line 250 in file ..\..\..\..\ext\lib\actions\startup\startup.s

__svc 00000038

Symbol: __svc
   Definitions
      At line 243 in file ..\..\..\..\ext\lib\actions\startup\startup.s
   Uses
      At line 45 in file ..\..\..\..\ext\lib\actions\startup\startup.s
      At line 61 in file ..\..\..\..\ext\lib\actions\startup\startup.s
      At line 244 in file ..\..\..\..\ext\lib\actions\startup\startup.s

_arch_irq_lock_s 00000024

Symbol: _arch_irq_lock_s
   Definitions
      At line 210 in file ..\..\..\..\ext\lib\actions\startup\startup.s
   Uses
      At line 211 in file ..\..\..\..\ext\lib\actions\startup\startup.s
Comment: _arch_irq_lock_s used once
_arch_irq_unlock_s 0000002C

Symbol: _arch_irq_unlock_s
   Definitions
      At line 217 in file ..\..\..\..\ext\lib\actions\startup\startup.s
   Uses
      At line 218 in file ..\..\..\..\ext\lib\actions\startup\startup.s
Comment: _arch_irq_unlock_s used once
_arch_irq_unlock_s_out 00000032

Symbol: _arch_irq_unlock_s_out
   Definitions
      At line 222 in file ..\..\..\..\ext\lib\actions\startup\startup.s
   Uses
      At line 220 in file ..\..\..\..\ext\lib\actions\startup\startup.s
Comment: _arch_irq_unlock_s_out used once
_isr_wrapper 0000003E

Symbol: _isr_wrapper
   Definitions
      At line 263 in file ..\..\..\..\ext\lib\actions\startup\startup.s
   Uses
      At line 48 in file ..\..\..\..\ext\lib\actions\startup\startup.s
      At line 68 in file ..\..\..\..\ext\lib\actions\startup\startup.s
      At line 69 in file ..\..\..\..\ext\lib\actions\startup\startup.s
      At line 70 in file ..\..\..\..\ext\lib\actions\startup\startup.s
      At line 71 in file ..\..\..\..\ext\lib\actions\startup\startup.s
      At line 72 in file ..\..\..\..\ext\lib\actions\startup\startup.s
      At line 73 in file ..\..\..\..\ext\lib\actions\startup\startup.s
      At line 74 in file ..\..\..\..\ext\lib\actions\startup\startup.s
      At line 75 in file ..\..\..\..\ext\lib\actions\startup\startup.s
      At line 76 in file ..\..\..\..\ext\lib\actions\startup\startup.s
      At line 77 in file ..\..\..\..\ext\lib\actions\startup\startup.s
      At line 78 in file ..\..\..\..\ext\lib\actions\startup\startup.s
      At line 79 in file ..\..\..\..\ext\lib\actions\startup\startup.s



ARM Macro Assembler    Page 3 Alphabetic symbol ordering
Relocatable symbols

      At line 80 in file ..\..\..\..\ext\lib\actions\startup\startup.s
      At line 81 in file ..\..\..\..\ext\lib\actions\startup\startup.s
      At line 82 in file ..\..\..\..\ext\lib\actions\startup\startup.s
      At line 83 in file ..\..\..\..\ext\lib\actions\startup\startup.s
      At line 84 in file ..\..\..\..\ext\lib\actions\startup\startup.s
      At line 85 in file ..\..\..\..\ext\lib\actions\startup\startup.s
      At line 86 in file ..\..\..\..\ext\lib\actions\startup\startup.s
      At line 87 in file ..\..\..\..\ext\lib\actions\startup\startup.s
      At line 88 in file ..\..\..\..\ext\lib\actions\startup\startup.s
      At line 89 in file ..\..\..\..\ext\lib\actions\startup\startup.s
      At line 90 in file ..\..\..\..\ext\lib\actions\startup\startup.s
      At line 91 in file ..\..\..\..\ext\lib\actions\startup\startup.s
      At line 92 in file ..\..\..\..\ext\lib\actions\startup\startup.s
      At line 93 in file ..\..\..\..\ext\lib\actions\startup\startup.s
      At line 94 in file ..\..\..\..\ext\lib\actions\startup\startup.s
      At line 95 in file ..\..\..\..\ext\lib\actions\startup\startup.s
      At line 96 in file ..\..\..\..\ext\lib\actions\startup\startup.s
      At line 97 in file ..\..\..\..\ext\lib\actions\startup\startup.s
      At line 98 in file ..\..\..\..\ext\lib\actions\startup\startup.s
      At line 99 in file ..\..\..\..\ext\lib\actions\startup\startup.s
      At line 262 in file ..\..\..\..\ext\lib\actions\startup\startup.s

_timer_int_handler 0000003C

Symbol: _timer_int_handler
   Definitions
      At line 255 in file ..\..\..\..\ext\lib\actions\startup\startup.s
   Uses
      At line 47 in file ..\..\..\..\ext\lib\actions\startup\startup.s
      At line 65 in file ..\..\..\..\ext\lib\actions\startup\startup.s
      At line 256 in file ..\..\..\..\ext\lib\actions\startup\startup.s

12 symbols



ARM Macro Assembler    Page 1 Alphabetic symbol ordering
Absolute symbols

CONFIG_ISR_STACK_SIZE 00000280

Symbol: CONFIG_ISR_STACK_SIZE
   Definitions
      At line 23 in file ..\..\..\..\ext\lib\actions\startup\startup.s
   Uses
      At line 27 in file ..\..\..\..\ext\lib\actions\startup\startup.s
      At line 190 in file ..\..\..\..\ext\lib\actions\startup\startup.s
      At line 198 in file ..\..\..\..\ext\lib\actions\startup\startup.s

Heap_Size 00000000

Symbol: Heap_Size
   Definitions
      At line 31 in file ..\..\..\..\ext\lib\actions\startup\startup.s
   Uses
      At line 35 in file ..\..\..\..\ext\lib\actions\startup\startup.s
Comment: Heap_Size used once
2 symbols



ARM Macro Assembler    Page 1 Alphabetic symbol ordering
External symbols

Image$$ER_IROM$$Base 00000000

Symbol: Image$$ER_IROM$$Base
   Definitions
      At line 101 in file ..\..\..\..\ext\lib\actions\startup\startup.s
   Uses
      At line 107 in file ..\..\..\..\ext\lib\actions\startup\startup.s
Comment: Image$$ER_IROM$$Base used once
Image$$ER_IROM$$Limit 00000000

Symbol: Image$$ER_IROM$$Limit
   Definitions
      At line 102 in file ..\..\..\..\ext\lib\actions\startup\startup.s
   Uses
      None
Comment: Image$$ER_IROM$$Limit unused
Image$$RW_IRAM3$$Base 00000000

Symbol: Image$$RW_IRAM3$$Base
   Definitions
      At line 103 in file ..\..\..\..\ext\lib\actions\startup\startup.s
   Uses
      At line 112 in file ..\..\..\..\ext\lib\actions\startup\startup.s
Comment: Image$$RW_IRAM3$$Base used once
SystemInit 00000000

Symbol: SystemInit
   Definitions
      At line 184 in file ..\..\..\..\ext\lib\actions\startup\startup.s
   Uses
      At line 204 in file ..\..\..\..\ext\lib\actions\startup\startup.s
Comment: SystemInit used once
__aeabi_memset 00000000

Symbol: __aeabi_memset
   Definitions
      At line 186 in file ..\..\..\..\ext\lib\actions\startup\startup.s
   Uses
      At line 192 in file ..\..\..\..\ext\lib\actions\startup\startup.s
Comment: __aeabi_memset used once
__main 00000000

Symbol: __main
   Definitions
      At line 185 in file ..\..\..\..\ext\lib\actions\startup\startup.s
   Uses
      At line 206 in file ..\..\..\..\ext\lib\actions\startup\startup.s
Comment: __main used once
compute_checksum 00000000

Symbol: compute_checksum
   Definitions
      At line 140 in file ..\..\..\..\ext\lib\actions\startup\startup.s
      At line 162 in file ..\..\..\..\ext\lib\actions\startup\startup.s
   Uses
      At line 144 in file ..\..\..\..\ext\lib\actions\startup\startup.s
      At line 166 in file ..\..\..\..\ext\lib\actions\startup\startup.s
Warning: compute_checksum multiply defined
7 symbols



ARM Macro Assembler    Page 2 Alphabetic symbol ordering
External symbols

386 symbols in table
